### File Name: C:\Users\admin\Desktop\bhavesh\codegen\noise_cancel\fil\noise_cancel_fixpt_fil\noise_cancel_fixpt_fil.log
### Created: 29-Apr-2017 19:32:33
### Generated by MATLAB 9.2 

### FPGA-in-the-Loop Summary
###    Board: Nexys4 Artix-7 FPGA board
###    DUT frequency: 25MHz

### Generating Vivado project and running programming file generation ...
###    Project:
###       C:\Users\admin\Desktop\bhavesh\codegen\noise_cancel\fil\noise_cancel_fixpt_fil\fpgaproj\noise_cancel_fixpt_fil.xpr
###    Target Device:
###       Artix7 xc7a100t-1csg324
###    Property Settings:
###    User design files:
###       C:\Users\admin\Desktop\bhavesh\codegen\noise_cancel\hdlsrc\noise_cancel_fixpt.v
###    Generating Xilinx DCM and FIFO IP
###    Generated files:
###       C:\Users\admin\Desktop\bhavesh\codegen\noise_cancel\fil\noise_cancel_fixpt_fil\filsrc\jtag_mac.v
###       C:\Users\admin\Desktop\bhavesh\codegen\noise_cancel\fil\noise_cancel_fixpt_fil\filsrc\jtag_mac_fifo_wrapper.vhd
###       C:\Users\admin\Desktop\bhavesh\codegen\noise_cancel\fil\noise_cancel_fixpt_fil\filsrc\simcycle_fifo_wrapper.vhd
###       C:\Users\admin\Desktop\bhavesh\codegen\noise_cancel\fil\noise_cancel_fixpt_fil\filsrc\mwfil_dpscram.vhd
###       C:\Users\admin\Desktop\bhavesh\codegen\noise_cancel\fil\noise_cancel_fixpt_fil\filsrc\mwfil_udfifo.vhd
###       C:\Users\admin\Desktop\bhavesh\codegen\noise_cancel\fil\noise_cancel_fixpt_fil\filsrc\mwfil_bus2dut.vhd
###       C:\Users\admin\Desktop\bhavesh\codegen\noise_cancel\fil\noise_cancel_fixpt_fil\filsrc\mwfil_chifcore.vhd
###       C:\Users\admin\Desktop\bhavesh\codegen\noise_cancel\fil\noise_cancel_fixpt_fil\filsrc\mwfil_controller.vhd
###       C:\Users\admin\Desktop\bhavesh\codegen\noise_cancel\fil\noise_cancel_fixpt_fil\filsrc\mwfil_dut2bus.vhd
###       C:\Users\admin\Desktop\bhavesh\codegen\noise_cancel\fil\noise_cancel_fixpt_fil\filsrc\noise_cancel_fixpt_wrapper.v
###       C:\Users\admin\Desktop\bhavesh\codegen\noise_cancel\fil\noise_cancel_fixpt_fil\filsrc\mwfil_chiftop.vhd
###       C:\Users\admin\Desktop\bhavesh\codegen\noise_cancel\fil\noise_cancel_fixpt_fil\filsrc\noise_cancel_fixpt_fil.vhd
###       C:\Users\admin\Desktop\bhavesh\codegen\noise_cancel\fil\noise_cancel_fixpt_fil\filsrc\noise_cancel_fixpt_fil.xdc
### Running BitGeneration
### Running Implementation

### Programming file generation completed.

