Copyright 1986-2016 Xilinx, Inc. All Rights Reserved.
---------------------------------------------------------------------------------------------------
| Tool Version : Vivado v.2016.2 (win64) Build 1577090 Thu Jun  2 16:32:40 MDT 2016
| Date         : Sat Apr 29 19:28:04 2017
| Host         : Sujay running 64-bit major release  (build 9200)
| Command      : report_control_sets -verbose -file noise_cancel_fixpt_fil_control_sets_placed.rpt
| Design       : noise_cancel_fixpt_fil
| Device       : xc7a100t
---------------------------------------------------------------------------------------------------

Control Set Information

Table of Contents
-----------------
1. Summary
2. Flip-Flop Distribution
3. Detailed Control Set Information

1. Summary
----------

+----------------------------------------------------------+-------+
|                          Status                          | Count |
+----------------------------------------------------------+-------+
| Number of unique control sets                            |    51 |
| Unused register locations in slices containing registers |   170 |
+----------------------------------------------------------+-------+


2. Flip-Flop Distribution
-------------------------

+--------------+-----------------------+------------------------+-----------------+--------------+
| Clock Enable | Synchronous Set/Reset | Asynchronous Set/Reset | Total Registers | Total Slices |
+--------------+-----------------------+------------------------+-----------------+--------------+
| No           | No                    | No                     |            2957 |         2102 |
| No           | No                    | Yes                    |             287 |           74 |
| No           | Yes                   | No                     |            5585 |         2206 |
| Yes          | No                    | No                     |            2888 |          513 |
| Yes          | No                    | Yes                    |             164 |           34 |
| Yes          | Yes                   | No                     |             109 |           36 |
+--------------+-----------------------+------------------------+-----------------+--------------+


3. Detailed Control Set Information
-----------------------------------

+----------------------------+--------------------------------------------------------------------------------------------------------------------------+--------------------------------------------------------------------------------------------------------------------------------------+------------------+----------------+
|        Clock Signal        |                                                       Enable Signal                                                      |                                                           Set/Reset Signal                                                           | Slice Load Count | Bel Load Count |
+----------------------------+--------------------------------------------------------------------------------------------------------------------------+--------------------------------------------------------------------------------------------------------------------------------------+------------------+----------------+
|  TCK_BUFG                  |                                                                                                                          | u_jtag_mac/u_simcycle_fifo/u_simcycle_fifo/U0/inst_fifo_gen/gconvfifo.rf/grf.rf/rstblk/rst_d2                                        |                1 |              1 |
|  u_clk_wiz_0/inst/clk_out1 |                                                                                                                          | u_jtag_mac/u_post_chif_fifo/u_jtag_mac_fifo/U0/inst_fifo_gen/gconvfifo.rf/grf.rf/rstblk/rst_wr_reg2                                  |                1 |              1 |
|  TCK_BUFG                  |                                                                                                                          | u_jtag_mac/u_post_chif_fifo/u_jtag_mac_fifo/U0/inst_fifo_gen/gconvfifo.rf/grf.rf/rstblk/rst_rd_reg2                                  |                1 |              1 |
|  TCK_BUFG                  |                                                                                                                          | u_jtag_mac/u_pre_chif_fifo/u_jtag_mac_fifo/U0/inst_fifo_gen/gconvfifo.rf/grf.rf/rstblk/rst_wr_reg2                                   |                1 |              1 |
|  TCK_BUFG                  |                                                                                                                          | u_jtag_mac/u_pre_chif_fifo/u_jtag_mac_fifo/U0/inst_fifo_gen/gconvfifo.rf/grf.rf/rstblk/rst_d2                                        |                1 |              1 |
|  u_clk_wiz_0/inst/clk_out1 |                                                                                                                          | u_jtag_mac/u_pre_chif_fifo/u_jtag_mac_fifo/U0/inst_fifo_gen/gconvfifo.rf/grf.rf/rstblk/rst_rd_reg2                                   |                1 |              1 |
|  TCK_BUFG                  |                                                                                                                          | u_jtag_mac/u_simcycle_fifo/u_simcycle_fifo/U0/inst_fifo_gen/gconvfifo.rf/grf.rf/rstblk/rst_wr_reg2                                   |                1 |              1 |
|  u_clk_wiz_0/inst/clk_out1 |                                                                                                                          | u_jtag_mac/u_simcycle_fifo/u_simcycle_fifo/U0/inst_fifo_gen/gconvfifo.rf/grf.rf/rstblk/rst_rd_reg2                                   |                1 |              1 |
|  TCK_BUFG                  |                                                                                                                          | u_jtag_mac/u_simcycle_fifo/u_simcycle_fifo/U0/inst_fifo_gen/gconvfifo.rf/grf.rf/rstblk/ngwrdrst.grst.g7serrst.wr_rst_reg[2]_i_1_n_0  |                1 |              2 |
|  u_clk_wiz_0/inst/clk_out1 |                                                                                                                          | u_jtag_mac/u_post_chif_fifo/u_jtag_mac_fifo/U0/inst_fifo_gen/gconvfifo.rf/grf.rf/rstblk/ngwrdrst.grst.g7serrst.wr_rst_reg[2]_i_1_n_0 |                1 |              2 |
|  u_clk_wiz_0/inst/clk_out1 |                                                                                                                          | u_jtag_mac/u_simcycle_fifo/u_simcycle_fifo/U0/inst_fifo_gen/gconvfifo.rf/grf.rf/rstblk/Q[2]                                          |                1 |              2 |
|  u_clk_wiz_0/inst/clk_out1 |                                                                                                                          | u_jtag_mac/u_post_chif_fifo/u_jtag_mac_fifo/U0/inst_fifo_gen/gconvfifo.rf/grf.rf/rstblk/rst_d2                                       |                1 |              2 |
|  u_clk_wiz_0/inst/clk_out1 |                                                                                                                          | u_jtag_mac/u_pre_chif_fifo/u_jtag_mac_fifo/U0/inst_fifo_gen/gconvfifo.rf/grf.rf/rstblk/Q[2]                                          |                1 |              2 |
|  TCK_BUFG                  |                                                                                                                          | u_jtag_mac/u_pre_chif_fifo/u_jtag_mac_fifo/U0/inst_fifo_gen/gconvfifo.rf/grf.rf/rstblk/ngwrdrst.grst.g7serrst.wr_rst_reg[2]_i_1_n_0  |                1 |              2 |
|  TCK_BUFG                  |                                                                                                                          | u_jtag_mac/u_post_chif_fifo/u_jtag_mac_fifo/U0/inst_fifo_gen/gconvfifo.rf/grf.rf/rstblk/ngwrdrst.grst.g7serrst.rd_rst_reg[2]_i_1_n_0 |                1 |              3 |
|  u_clk_wiz_0/inst/clk_out1 |                                                                                                                          | u_jtag_mac/u_simcycle_fifo/u_simcycle_fifo/U0/inst_fifo_gen/gconvfifo.rf/grf.rf/rstblk/ngwrdrst.grst.g7serrst.rd_rst_reg[2]_i_1_n_0  |                2 |              3 |
|  u_clk_wiz_0/inst/clk_out1 |                                                                                                                          | u_jtag_mac/u_pre_chif_fifo/u_jtag_mac_fifo/U0/inst_fifo_gen/gconvfifo.rf/grf.rf/rstblk/ngwrdrst.grst.g7serrst.rd_rst_reg[2]_i_1_n_0  |                1 |              3 |
|  TCK_BUFG                  |                                                                                                                          | u_jtag_mac/sm_cnt[2]                                                                                                                 |                1 |              4 |
|  TCK_BUFG                  |                                                                                                                          | u_jtag_mac/ver_output_reg[16]_i_1_n_100                                                                                              |                1 |              7 |
|  u_clk_wiz_0/inst/clk_out1 | u_mwfil_chiftop/u_mwfil_chifcore/u_controller/rd_addr0                                                                   | u_jtag_mac/chif_reset                                                                                                                |                2 |              8 |
|  u_clk_wiz_0/inst/clk_out1 | u_jtag_mac/u_simcycle_fifo/u_simcycle_fifo/U0/inst_fifo_gen/gconvfifo.rf/grf.rf/gntv_or_sync_fifo.gl0.rd/gras.rsts/E[0]  | u_jtag_mac/u_simcycle_fifo/u_simcycle_fifo/U0/inst_fifo_gen/gconvfifo.rf/grf.rf/rstblk/Q[0]                                          |                2 |              8 |
|  u_clk_wiz_0/inst/clk_out1 | u_mwfil_chiftop/u_mwfil_chifcore/u_dut2bus/dout[7]_i_1_n_100                                                             | u_jtag_mac/chif_reset                                                                                                                |                7 |              8 |
|  u_clk_wiz_0/inst/clk_out1 | u_mwfil_chiftop/u_mwfil_chifcore/u_controller/wr_en_0                                                                    | u_jtag_mac/chif_reset                                                                                                                |                3 |              9 |
|  u_clk_wiz_0/inst/clk_out1 | u_mwfil_chiftop/u_mwfil_chifcore/u_dut2bus/rd_addr0                                                                      | u_jtag_mac/chif_reset                                                                                                                |                3 |              9 |
|  u_clk_wiz_0/inst/clk_out1 | u_jtag_mac/E[0]                                                                                                          | u_mwfil_chiftop/u_mwfil_chifcore/NormalBlock.u_bus2dut/counter[9]_i_1_n_100                                                          |                3 |             10 |
|  u_clk_wiz_0/inst/clk_out1 | u_mwfil_chiftop/u_mwfil_chifcore/u_dut2bus/wr_en_0                                                                       | u_jtag_mac/chif_reset                                                                                                                |                2 |             10 |
|  TCK_BUFG                  |                                                                                                                          | u_jtag_mac/sys_rst                                                                                                                   |                6 |             12 |
|  TCK_BUFG                  | u_jtag_mac/u_simcycle_fifo/u_simcycle_fifo/U0/inst_fifo_gen/gconvfifo.rf/grf.rf/gntv_or_sync_fifo.gl0.wr/gwas.wsts/E[0]  | u_jtag_mac/u_simcycle_fifo/u_simcycle_fifo/U0/inst_fifo_gen/gconvfifo.rf/grf.rf/rstblk/gic0.gc0.count_reg[0][1]                      |                3 |             12 |
|  TCK_BUFG                  |                                                                                                                          | u_jtag_mac/u_post_chif_fifo/u_jtag_mac_fifo/U0/inst_fifo_gen/gconvfifo.rf/grf.rf/rstblk/Q[2]                                         |                4 |             13 |
|  TCK_BUFG                  | u_jtag_mac/rd_len0                                                                                                       | u_jtag_mac/chif_reset                                                                                                                |                5 |             13 |
|  TCK_BUFG                  | u_jtag_mac/wr_len0                                                                                                       | u_jtag_mac/chif_reset                                                                                                                |                5 |             13 |
|  TCK_BUFG                  |                                                                                                                          |                                                                                                                                      |                9 |             13 |
|  TCK_BUFG                  | u_jtag_mac/act_rd_len0                                                                                                   | u_jtag_mac/chif_reset                                                                                                                |                2 |             13 |
|  TCK_BUFG                  |                                                                                                                          | u_jtag_mac/act_rd_cnt[15]                                                                                                            |                4 |             15 |
|  TCK_BUFG                  |                                                                                                                          | u_jtag_mac/act_wr_cnt[2]                                                                                                             |                4 |             15 |
|  TCK_BUFG                  |                                                                                                                          | u_jtag_mac/ver_act_rd_cnt[3]                                                                                                         |                4 |             15 |
|  u_clk_wiz_0/inst/clk_out1 |                                                                                                                          | u_jtag_mac/u_simcycle_fifo/u_simcycle_fifo/U0/inst_fifo_gen/gconvfifo.rf/grf.rf/rstblk/Q[1]                                          |                3 |             16 |
|  TCK_BUFG                  |                                                                                                                          | u_jtag_mac/u_simcycle_fifo/u_simcycle_fifo/U0/inst_fifo_gen/gconvfifo.rf/grf.rf/rstblk/gic0.gc0.count_reg[0][0]                      |                2 |             16 |
|  u_clk_wiz_0/inst/clk_out1 | u_jtag_mac/simcycle_rd_en_d1                                                                                             | u_jtag_mac/chif_reset                                                                                                                |                4 |             16 |
|  u_clk_wiz_0/inst/clk_out1 | u_jtag_mac/u_pre_chif_fifo/u_jtag_mac_fifo/U0/inst_fifo_gen/gconvfifo.rf/grf.rf/gntv_or_sync_fifo.gl0.rd/gras.rsts/E[0]  | u_jtag_mac/u_pre_chif_fifo/u_jtag_mac_fifo/U0/inst_fifo_gen/gconvfifo.rf/grf.rf/rstblk/Q[0]                                          |                4 |             24 |
|  TCK_BUFG                  | u_jtag_mac/u_post_chif_fifo/u_jtag_mac_fifo/U0/inst_fifo_gen/gconvfifo.rf/grf.rf/gntv_or_sync_fifo.gl0.rd/gras.rsts/E[0] | u_jtag_mac/u_post_chif_fifo/u_jtag_mac_fifo/U0/inst_fifo_gen/gconvfifo.rf/grf.rf/rstblk/Q[0]                                         |                4 |             24 |
|  TCK_BUFG                  |                                                                                                                          | u_jtag_mac/u_post_chif_fifo/u_jtag_mac_fifo/U0/inst_fifo_gen/gconvfifo.rf/grf.rf/rstblk/Q[1]                                         |               11 |             48 |
|  TCK_BUFG                  | u_jtag_mac/u_pre_chif_fifo/u_jtag_mac_fifo/U0/inst_fifo_gen/gconvfifo.rf/grf.rf/gntv_or_sync_fifo.gl0.wr/gwas.wsts/E[0]  | u_jtag_mac/u_pre_chif_fifo/u_jtag_mac_fifo/U0/inst_fifo_gen/gconvfifo.rf/grf.rf/rstblk/gic0.gc1.count_reg[0][1]                      |                9 |             48 |
|  u_clk_wiz_0/inst/clk_out1 |                                                                                                                          | u_jtag_mac/u_post_chif_fifo/u_jtag_mac_fifo/U0/inst_fifo_gen/gconvfifo.rf/grf.rf/rstblk/gic0.gc1.count_reg[0][0]                     |               10 |             48 |
|  TCK_BUFG                  |                                                                                                                          | u_jtag_mac/u_pre_chif_fifo/u_jtag_mac_fifo/U0/inst_fifo_gen/gconvfifo.rf/grf.rf/rstblk/gic0.gc1.count_reg[0][0]                      |                9 |             48 |
|  u_clk_wiz_0/inst/clk_out1 | u_jtag_mac/u_post_chif_fifo/u_jtag_mac_fifo/U0/inst_fifo_gen/gconvfifo.rf/grf.rf/gntv_or_sync_fifo.gl0.wr/gwas.wsts/E[0] | u_jtag_mac/u_post_chif_fifo/u_jtag_mac_fifo/U0/inst_fifo_gen/gconvfifo.rf/grf.rf/rstblk/gic0.gc1.count_reg[0][1]                     |               12 |             48 |
|  u_clk_wiz_0/inst/clk_out1 |                                                                                                                          | u_jtag_mac/u_pre_chif_fifo/u_jtag_mac_fifo/U0/inst_fifo_gen/gconvfifo.rf/grf.rf/rstblk/Q[1]                                          |                8 |             48 |
|  TCK_BUFG                  |                                                                                                                          | u_jtag_mac/chif_reset                                                                                                                |               37 |            108 |
|  u_clk_wiz_0/inst/clk_out1 |                                                                                                                          |                                                                                                                                      |             2093 |           2944 |
|  u_clk_wiz_0/inst/clk_out1 | u_jtag_mac/shiftreg_reg[8]                                                                                               |                                                                                                                                      |              540 |           2992 |
|  u_clk_wiz_0/inst/clk_out1 |                                                                                                                          | u_jtag_mac/chif_reset                                                                                                                |             2158 |           5430 |
+----------------------------+--------------------------------------------------------------------------------------------------------------------------+--------------------------------------------------------------------------------------------------------------------------------------+------------------+----------------+


