#-----------------------------------------------------------
# Vivado v2016.2 (64-bit)
# SW Build 1577090 on Thu Jun  2 16:32:40 MDT 2016
# IP Build 1577682 on Fri Jun  3 12:00:54 MDT 2016
# Start of session at: Sat Apr 29 19:32:41 2017
# Process ID: 4048
# Current directory: C:/Users/admin/Desktop/bhavesh
# Command line: vivado.exe -mode batch -source _vivado_program.cmd
# Log file: C:/Users/admin/Desktop/bhavesh/vivado.log
# Journal file: C:/Users/admin/Desktop/bhavesh\vivado.jou
#-----------------------------------------------------------
source _vivado_program.cmd
# set chain_position 0
# open_hw
# connect_hw_server -url localhost:3121
INFO: [Labtools 27-2285] Connecting to hw_server url TCP:localhost:3121
INFO: [Labtools 27-2222] Launching hw_server...
INFO: [Labtools 27-2221] Launch Output:

****** Xilinx hw_server v2016.2
  **** Build date : Jun  2 2016-16:57:03
    ** Copyright 1986-2016 Xilinx, Inc. All Rights Reserved.


# open_hw_target
INFO: [Labtoolstcl 44-466] Opening hw_target localhost:3121/xilinx_tcf/Digilent/210274592372A
# current_hw_device [lindex [get_hw_devices] $chain_position]
# refresh_hw_device -update_hw_probes false [lindex [get_hw_devices] $chain_position]
INFO: [Labtools 27-1435] Device xc7a100t (JTAG device index = 0) is not programmed (DONE status = 0).
# set_property PROGRAM.FILE {C:\Users\admin\Desktop\bhavesh\codegen\noise_cancel\fil\noise_cancel_fixpt_fil\noise_cancel_fixpt_fil.bit} [lindex [get_hw_devices] $chain_position]
# program_hw_devices [lindex [get_hw_devices] $chain_position]
INFO: [Labtools 27-3164] End of startup status: HIGH
# disconnect_hw_server
INFO: [Common 17-206] Exiting Vivado at Sat Apr 29 19:32:50 2017...
